<?xml version="1.0" encoding="UTF-8"?>
<coverage generated="1687678028718" clover="3.2.0">
  <project timestamp="1687678028718" name="All files">
    <metrics statements="195" coveredstatements="192" conditionals="45" coveredconditionals="42" methods="15" coveredmethods="15" elements="255" coveredelements="249" complexity="0" loc="195" ncloc="195" packages="1" files="8" classes="8"/>
    <file name="hw1.js" path="D:\4. GitHub\homework\js\hw1.js">
      <metrics statements="38" coveredstatements="38" conditionals="6" coveredconditionals="6" methods="3" coveredmethods="3"/>
      <line num="1" count="1" type="cond" truecount="1" falsecount="0"/>
      <line num="2" count="2" type="stmt"/>
      <line num="3" count="2" type="cond" truecount="1" falsecount="0"/>
      <line num="4" count="1" type="stmt"/>
      <line num="5" count="1" type="stmt"/>
      <line num="6" count="1" type="stmt"/>
      <line num="7" count="1" type="stmt"/>
      <line num="8" count="1" type="stmt"/>
      <line num="9" count="1" type="stmt"/>
      <line num="10" count="1" type="stmt"/>
      <line num="11" count="1" type="stmt"/>
      <line num="12" count="2" type="stmt"/>
      <line num="13" count="1" type="stmt"/>
      <line num="14" count="1" type="cond" truecount="1" falsecount="0"/>
      <line num="15" count="1" type="stmt"/>
      <line num="16" count="1" type="stmt"/>
      <line num="17" count="1" type="stmt"/>
      <line num="18" count="1" type="stmt"/>
      <line num="19" count="1" type="stmt"/>
      <line num="20" count="1" type="stmt"/>
      <line num="21" count="1" type="stmt"/>
      <line num="22" count="1" type="cond" truecount="1" falsecount="0"/>
      <line num="23" count="2" type="stmt"/>
      <line num="24" count="2" type="stmt"/>
      <line num="25" count="2" type="stmt"/>
      <line num="26" count="2" type="cond" truecount="1" falsecount="0"/>
      <line num="27" count="1" type="stmt"/>
      <line num="28" count="1" type="stmt"/>
      <line num="29" count="1" type="stmt"/>
      <line num="30" count="1" type="stmt"/>
      <line num="31" count="1" type="cond" truecount="1" falsecount="0"/>
      <line num="32" count="1" type="stmt"/>
      <line num="33" count="1" type="stmt"/>
      <line num="34" count="1" type="stmt"/>
      <line num="35" count="1" type="stmt"/>
      <line num="36" count="1" type="stmt"/>
      <line num="37" count="2" type="stmt"/>
      <line num="38" count="2" type="stmt"/>
    </file>
    <file name="hw2.js" path="D:\4. GitHub\homework\js\hw2.js">
      <metrics statements="44" coveredstatements="42" conditionals="18" coveredconditionals="16" methods="2" coveredmethods="2"/>
      <line num="1" count="1" type="cond" truecount="1" falsecount="0"/>
      <line num="2" count="3" type="stmt"/>
      <line num="3" count="3" type="cond" truecount="1" falsecount="0"/>
      <line num="4" count="2" type="stmt"/>
      <line num="5" count="3" type="cond" truecount="1" falsecount="0"/>
      <line num="6" count="1" type="stmt"/>
      <line num="7" count="1" type="cond" truecount="0" falsecount="1"/>
      <line num="8" count="0" type="stmt"/>
      <line num="9" count="0" type="stmt"/>
      <line num="10" count="3" type="stmt"/>
      <line num="11" count="3" type="stmt"/>
      <line num="12" count="1" type="stmt"/>
      <line num="13" count="1" type="cond" truecount="1" falsecount="0"/>
      <line num="14" count="12" type="stmt"/>
      <line num="15" count="12" type="stmt"/>
      <line num="16" count="12" type="stmt"/>
      <line num="17" count="12" type="stmt"/>
      <line num="18" count="12" type="cond" truecount="1" falsecount="0"/>
      <line num="19" count="1" type="stmt"/>
      <line num="20" count="12" type="cond" truecount="1" falsecount="0"/>
      <line num="21" count="1" type="stmt"/>
      <line num="22" count="12" type="cond" truecount="1" falsecount="0"/>
      <line num="23" count="1" type="stmt"/>
      <line num="24" count="12" type="cond" truecount="1" falsecount="0"/>
      <line num="25" count="1" type="stmt"/>
      <line num="26" count="12" type="cond" truecount="1" falsecount="0"/>
      <line num="27" count="1" type="stmt"/>
      <line num="28" count="12" type="cond" truecount="1" falsecount="0"/>
      <line num="29" count="1" type="stmt"/>
      <line num="30" count="12" type="cond" truecount="1" falsecount="0"/>
      <line num="31" count="1" type="stmt"/>
      <line num="32" count="12" type="cond" truecount="1" falsecount="0"/>
      <line num="33" count="1" type="stmt"/>
      <line num="34" count="12" type="cond" truecount="1" falsecount="0"/>
      <line num="35" count="1" type="stmt"/>
      <line num="36" count="12" type="cond" truecount="1" falsecount="0"/>
      <line num="37" count="1" type="stmt"/>
      <line num="38" count="12" type="cond" truecount="1" falsecount="0"/>
      <line num="39" count="1" type="stmt"/>
      <line num="40" count="12" type="cond" truecount="1" falsecount="0"/>
      <line num="41" count="1" type="stmt"/>
      <line num="42" count="12" type="cond" truecount="0" falsecount="1"/>
      <line num="43" count="12" type="stmt"/>
      <line num="44" count="12" type="stmt"/>
    </file>
    <file name="hw3.js" path="D:\4. GitHub\homework\js\hw3.js">
      <metrics statements="15" coveredstatements="15" conditionals="4" coveredconditionals="4" methods="2" coveredmethods="2"/>
      <line num="1" count="1" type="cond" truecount="1" falsecount="0"/>
      <line num="2" count="1" type="cond" truecount="1" falsecount="0"/>
      <line num="3" count="51" type="stmt"/>
      <line num="4" count="1" type="stmt"/>
      <line num="5" count="1" type="stmt"/>
      <line num="6" count="1" type="stmt"/>
      <line num="7" count="1" type="stmt"/>
      <line num="8" count="1" type="stmt"/>
      <line num="9" count="1" type="cond" truecount="1" falsecount="0"/>
      <line num="10" count="1" type="cond" truecount="1" falsecount="0"/>
      <line num="11" count="11" type="stmt"/>
      <line num="12" count="1" type="stmt"/>
      <line num="13" count="1" type="stmt"/>
      <line num="14" count="1" type="stmt"/>
      <line num="15" count="1" type="stmt"/>
    </file>
    <file name="hw4.js" path="D:\4. GitHub\homework\js\hw4.js">
      <metrics statements="9" coveredstatements="9" conditionals="1" coveredconditionals="1" methods="1" coveredmethods="1"/>
      <line num="1" count="1" type="cond" truecount="1" falsecount="0"/>
      <line num="2" count="2" type="stmt"/>
      <line num="3" count="2" type="stmt"/>
      <line num="4" count="2" type="stmt"/>
      <line num="5" count="2" type="stmt"/>
      <line num="6" count="2" type="stmt"/>
      <line num="7" count="2" type="stmt"/>
      <line num="8" count="2" type="stmt"/>
      <line num="9" count="2" type="stmt"/>
    </file>
    <file name="hw5.js" path="D:\4. GitHub\homework\js\hw5.js">
      <metrics statements="17" coveredstatements="17" conditionals="4" coveredconditionals="4" methods="2" coveredmethods="2"/>
      <line num="1" count="1" type="cond" truecount="1" falsecount="0"/>
      <line num="2" count="1" type="stmt"/>
      <line num="3" count="1" type="stmt"/>
      <line num="4" count="1" type="cond" truecount="1" falsecount="0"/>
      <line num="5" count="10" type="stmt"/>
      <line num="6" count="10" type="stmt"/>
      <line num="7" count="1" type="stmt"/>
      <line num="8" count="1" type="stmt"/>
      <line num="9" count="1" type="stmt"/>
      <line num="10" count="1" type="cond" truecount="1" falsecount="0"/>
      <line num="11" count="1" type="stmt"/>
      <line num="12" count="1" type="stmt"/>
      <line num="13" count="1" type="cond" truecount="1" falsecount="0"/>
      <line num="14" count="10" type="stmt"/>
      <line num="15" count="10" type="stmt"/>
      <line num="16" count="1" type="stmt"/>
      <line num="17" count="1" type="stmt"/>
    </file>
    <file name="hw6.js" path="D:\4. GitHub\homework\js\hw6.js">
      <metrics statements="17" coveredstatements="17" conditionals="5" coveredconditionals="5" methods="2" coveredmethods="2"/>
      <line num="1" count="1" type="cond" truecount="1" falsecount="0"/>
      <line num="2" count="5" type="cond" truecount="1" falsecount="0"/>
      <line num="3" count="3" type="stmt"/>
      <line num="4" count="5" type="cond" truecount="1" falsecount="0"/>
      <line num="5" count="2" type="stmt"/>
      <line num="6" count="2" type="stmt"/>
      <line num="7" count="5" type="stmt"/>
      <line num="8" count="1" type="stmt"/>
      <line num="9" count="1" type="cond" truecount="1" falsecount="0"/>
      <line num="10" count="2" type="stmt"/>
      <line num="11" count="2" type="stmt"/>
      <line num="12" count="2" type="cond" truecount="1" falsecount="0"/>
      <line num="13" count="1" type="stmt"/>
      <line num="14" count="1" type="stmt"/>
      <line num="15" count="1" type="stmt"/>
      <line num="16" count="1" type="stmt"/>
      <line num="17" count="2" type="stmt"/>
    </file>
    <file name="hw7.js" path="D:\4. GitHub\homework\js\hw7.js">
      <metrics statements="22" coveredstatements="22" conditionals="2" coveredconditionals="2" methods="1" coveredmethods="1"/>
      <line num="1" count="1" type="stmt"/>
      <line num="2" count="1" type="cond" truecount="1" falsecount="0"/>
      <line num="3" count="3" type="stmt"/>
      <line num="4" count="3" type="stmt"/>
      <line num="5" count="3" type="stmt"/>
      <line num="6" count="3" type="stmt"/>
      <line num="7" count="3" type="stmt"/>
      <line num="8" count="3" type="stmt"/>
      <line num="9" count="3" type="stmt"/>
      <line num="10" count="3" type="stmt"/>
      <line num="11" count="3" type="stmt"/>
      <line num="12" count="3" type="stmt"/>
      <line num="13" count="3" type="stmt"/>
      <line num="14" count="3" type="stmt"/>
      <line num="15" count="3" type="cond" truecount="1" falsecount="0"/>
      <line num="16" count="2" type="stmt"/>
      <line num="17" count="2" type="stmt"/>
      <line num="18" count="2" type="stmt"/>
      <line num="19" count="2" type="stmt"/>
      <line num="20" count="2" type="stmt"/>
      <line num="21" count="3" type="stmt"/>
      <line num="22" count="3" type="stmt"/>
    </file>
    <file name="hw8.js" path="D:\4. GitHub\homework\js\hw8.js">
      <metrics statements="33" coveredstatements="32" conditionals="5" coveredconditionals="4" methods="2" coveredmethods="2"/>
      <line num="1" count="1" type="cond" truecount="1" falsecount="0"/>
      <line num="2" count="1" type="stmt"/>
      <line num="3" count="1" type="stmt"/>
      <line num="4" count="1" type="stmt"/>
      <line num="5" count="1" type="stmt"/>
      <line num="6" count="1" type="stmt"/>
      <line num="7" count="1" type="stmt"/>
      <line num="8" count="1" type="stmt"/>
      <line num="9" count="1" type="stmt"/>
      <line num="10" count="1" type="stmt"/>
      <line num="11" count="1" type="stmt"/>
      <line num="12" count="1" type="stmt"/>
      <line num="13" count="1" type="stmt"/>
      <line num="14" count="1" type="stmt"/>
      <line num="15" count="1" type="stmt"/>
      <line num="16" count="1" type="stmt"/>
      <line num="17" count="1" type="stmt"/>
      <line num="18" count="1" type="stmt"/>
      <line num="19" count="1" type="cond" truecount="1" falsecount="0"/>
      <line num="20" count="4" type="cond" truecount="1" falsecount="0"/>
      <line num="21" count="1" type="stmt"/>
      <line num="22" count="1" type="stmt"/>
      <line num="23" count="4" type="cond" truecount="0" falsecount="1"/>
      <line num="24" count="0" type="stmt"/>
      <line num="25" count="1" type="stmt"/>
      <line num="26" count="1" type="cond" truecount="1" falsecount="0"/>
      <line num="27" count="1" type="stmt"/>
      <line num="28" count="1" type="stmt"/>
      <line num="29" count="1" type="stmt"/>
      <line num="30" count="1" type="stmt"/>
      <line num="31" count="1" type="stmt"/>
      <line num="32" count="1" type="stmt"/>
      <line num="33" count="1" type="stmt"/>
    </file>
  </project>
</coverage>
