TN:
SF:js\hw1.js
FN:1,sum
FN:14,countSymbols
FN:22,userSum
FNF:3
FNH:3
FNDA:2,sum
FNDA:1,countSymbols
FNDA:2,userSum
DA:1,1
DA:2,2
DA:3,2
DA:4,1
DA:5,1
DA:6,1
DA:7,1
DA:8,1
DA:9,1
DA:10,1
DA:11,1
DA:12,2
DA:13,1
DA:14,1
DA:15,1
DA:16,1
DA:17,1
DA:18,1
DA:19,1
DA:20,1
DA:21,1
DA:22,1
DA:23,2
DA:24,2
DA:25,2
DA:26,2
DA:27,1
DA:28,1
DA:29,1
DA:30,1
DA:31,1
DA:32,1
DA:33,1
DA:34,1
DA:35,1
DA:36,1
DA:37,2
DA:38,2
LF:38
LH:38
BRDA:1,0,0,2
BRDA:3,1,0,1
BRDA:14,2,0,1
BRDA:22,3,0,2
BRDA:26,4,0,1
BRDA:31,5,0,3
BRF:6
BRH:6
end_of_record
TN:
SF:js\hw2.js
FN:1,biggerNumber
FN:13,getMonth
FNF:2
FNH:2
FNDA:3,biggerNumber
FNDA:12,getMonth
DA:1,1
DA:2,3
DA:3,3
DA:4,2
DA:5,3
DA:6,1
DA:7,1
DA:8,0
DA:9,0
DA:10,3
DA:11,3
DA:12,1
DA:13,1
DA:14,12
DA:15,12
DA:16,12
DA:17,12
DA:18,12
DA:19,1
DA:20,12
DA:21,1
DA:22,12
DA:23,1
DA:24,12
DA:25,1
DA:26,12
DA:27,1
DA:28,12
DA:29,1
DA:30,12
DA:31,1
DA:32,12
DA:33,1
DA:34,12
DA:35,1
DA:36,12
DA:37,1
DA:38,12
DA:39,1
DA:40,12
DA:41,1
DA:42,12
DA:43,12
DA:44,12
LF:44
LH:42
BRDA:1,0,0,3
BRDA:3,1,0,2
BRDA:5,2,0,1
BRDA:7,3,0,0
BRDA:13,4,0,12
BRDA:18,5,0,1
BRDA:20,6,0,1
BRDA:22,7,0,1
BRDA:24,8,0,1
BRDA:26,9,0,1
BRDA:28,10,0,1
BRDA:30,11,0,1
BRDA:32,12,0,1
BRDA:34,13,0,1
BRDA:36,14,0,1
BRDA:38,15,0,1
BRDA:40,16,0,1
BRDA:42,17,0,0
BRF:18
BRH:16
end_of_record
TN:
SF:js\hw3.js
FN:1,sumIntegerNumbers
FN:9,multiplicationTable
FNF:2
FNH:2
FNDA:1,sumIntegerNumbers
FNDA:1,multiplicationTable
DA:1,1
DA:2,1
DA:3,51
DA:4,1
DA:5,1
DA:6,1
DA:7,1
DA:8,1
DA:9,1
DA:10,1
DA:11,11
DA:12,1
DA:13,1
DA:14,1
DA:15,1
LF:15
LH:15
BRDA:1,0,0,1
BRDA:2,1,0,51
BRDA:9,2,0,1
BRDA:10,3,0,11
BRF:4
BRH:4
end_of_record
TN:
SF:js\hw4.js
FN:1,userAge
FNF:1
FNH:1
FNDA:2,userAge
DA:1,1
DA:2,2
DA:3,2
DA:4,2
DA:5,2
DA:6,2
DA:7,2
DA:8,2
DA:9,2
LF:9
LH:9
BRDA:1,0,0,2
BRF:1
BRH:1
end_of_record
TN:
SF:js\hw5.js
FN:1,arraySum
FN:10,arrayNewFromOld
FNF:2
FNH:2
FNDA:1,arraySum
FNDA:1,arrayNewFromOld
DA:1,1
DA:2,1
DA:3,1
DA:4,1
DA:5,10
DA:6,10
DA:7,1
DA:8,1
DA:9,1
DA:10,1
DA:11,1
DA:12,1
DA:13,1
DA:14,10
DA:15,10
DA:16,1
DA:17,1
LF:17
LH:17
BRDA:1,0,0,1
BRDA:4,1,0,10
BRDA:10,2,0,1
BRDA:13,3,0,10
BRF:4
BRH:4
end_of_record
TN:
SF:js\hw6.js
FN:1,diff
FN:9,isWord
FNF:2
FNH:2
FNDA:5,diff
FNDA:2,isWord
DA:1,1
DA:2,5
DA:3,2
DA:4,5
DA:5,3
DA:6,3
DA:7,5
DA:8,1
DA:9,1
DA:10,2
DA:11,2
DA:12,2
DA:13,1
DA:14,1
DA:15,1
DA:16,1
DA:17,2
LF:17
LH:17
BRDA:1,0,0,5
BRDA:2,1,0,2
BRDA:4,2,0,3
BRDA:9,3,0,2
BRDA:12,4,0,1
BRF:5
BRH:5
end_of_record
TN:
SF:js\hw7.js
FN:2,list
FNF:1
FNH:1
FNDA:3,list
DA:1,1
DA:2,1
DA:3,3
DA:4,3
DA:5,3
DA:6,3
DA:7,3
DA:8,3
DA:9,3
DA:10,3
DA:11,3
DA:12,3
DA:13,3
DA:14,3
DA:15,3
DA:16,2
DA:17,2
DA:18,2
DA:19,2
DA:20,2
DA:21,3
DA:22,3
LF:22
LH:22
BRDA:2,0,0,3
BRDA:15,1,0,2
BRF:2
BRH:2
end_of_record
TN:
SF:js\hw8.js
FN:1,weekDay
FN:26,minFromDay
FNF:2
FNH:2
FNDA:1,weekDay
FNDA:1,minFromDay
DA:1,1
DA:2,1
DA:3,1
DA:4,1
DA:5,1
DA:6,1
DA:7,1
DA:8,1
DA:9,1
DA:10,1
DA:11,1
DA:12,1
DA:13,1
DA:14,1
DA:15,1
DA:16,1
DA:17,1
DA:18,1
DA:19,1
DA:20,4
DA:21,1
DA:22,1
DA:23,4
DA:24,0
DA:25,1
DA:26,1
DA:27,1
DA:28,1
DA:29,1
DA:30,1
DA:31,1
DA:32,1
DA:33,1
LF:33
LH:32
BRDA:1,0,0,1
BRDA:19,1,0,4
BRDA:20,2,0,1
BRDA:23,3,0,0
BRDA:26,4,0,1
BRF:5
BRH:4
end_of_record
