TN:
SF:js\hw1.js
FN:1,sum
FN:17,countSymbols
FN:25,userSum
FNF:3
FNH:3
FNDA:2,sum
FNDA:1,countSymbols
FNDA:1,userSum
DA:1,1
DA:2,2
DA:3,2
DA:4,2
DA:5,2
DA:6,2
DA:7,1
DA:8,1
DA:9,1
DA:10,1
DA:11,1
DA:12,1
DA:13,1
DA:14,1
DA:15,2
DA:16,1
DA:17,1
DA:18,1
DA:19,1
DA:20,1
DA:21,1
DA:22,1
DA:23,1
DA:24,1
DA:25,1
DA:26,1
DA:27,1
DA:28,1
DA:29,1
DA:30,1
DA:31,1
DA:32,1
DA:33,1
DA:34,1
DA:35,1
DA:36,0
DA:37,0
DA:38,1
DA:39,1
LF:39
LH:37
BRDA:1,0,0,2
BRDA:6,1,0,1
BRDA:17,2,0,1
BRDA:25,3,0,1
BRDA:35,4,0,0
BRF:5
BRH:4
end_of_record
